0 verbose cli /usr/local/bin/node /usr/local/bin/npm
1 info using npm@10.9.3
2 info using node@v22.20.0
3 silly config load:file:/usr/local/lib/node_modules/npm/npmrc
4 silly config load:file:/Users/ritvikmudgal/VS-CODE/resume-roast/.npmrc
5 silly config load:file:/Users/ritvikmudgal/.npmrc
6 silly config load:file:/usr/local/etc/npmrc
7 verbose title npm install styled-components
8 verbose argv "install" "--cache" "/Users/ritvikmudgal/VS-CODE/resume-roast/.npm-cache" "styled-components"
9 verbose logfile logs-max:10 dir:/Users/ritvikmudgal/VS-CODE/resume-roast/.npm-cache/_logs/2026-05-08T15_26_09_572Z-
10 verbose logfile /Users/ritvikmudgal/VS-CODE/resume-roast/.npm-cache/_logs/2026-05-08T15_26_09_572Z-debug-0.log
11 silly logfile done cleaning log files
12 silly packumentCache heap:2197815296 maxSize:549453824 maxEntrySize:274726912
13 silly idealTree buildDeps
14 silly fetch manifest styled-components@*
15 silly packumentCache full:https://registry.npmjs.org/styled-components cache-miss
16 http fetch GET 200 https://registry.npmjs.org/styled-components 1174ms (cache miss)
17 silly packumentCache full:https://registry.npmjs.org/styled-components set size:undefined disposed:false
18 silly fetch manifest react@19.2.4
19 silly packumentCache full:https://registry.npmjs.org/react cache-miss
20 http fetch GET 200 https://registry.npmjs.org/react 105ms (cache revalidated)
21 silly packumentCache full:https://registry.npmjs.org/react set size:6646698 disposed:false
22 silly fetch manifest react-dom@19.2.4
23 silly packumentCache full:https://registry.npmjs.org/react-dom cache-miss
24 http fetch GET 200 https://registry.npmjs.org/react-dom 76ms (cache revalidated)
25 silly packumentCache full:https://registry.npmjs.org/react-dom set size:8862063 disposed:false
26 silly fetch manifest react-native@>= 0.68.0
27 silly packumentCache full:https://registry.npmjs.org/react-native cache-miss
28 http fetch GET 200 https://registry.npmjs.org/react-native 1019ms (cache miss)
29 silly packumentCache full:https://registry.npmjs.org/react-native set size:undefined disposed:false
30 silly fetch manifest @react-native/jest-preset@0.85.3
31 silly packumentCache full:https://registry.npmjs.org/@react-native%2fjest-preset cache-miss
32 http fetch GET 200 https://registry.npmjs.org/@react-native%2fjest-preset 343ms (cache miss)
33 silly packumentCache full:https://registry.npmjs.org/@react-native%2fjest-preset set size:undefined disposed:false
34 silly fetch manifest @types/react@^19
35 silly packumentCache full:https://registry.npmjs.org/@types%2freact cache-miss
36 http fetch GET 200 https://registry.npmjs.org/@types%2freact 207ms (cache revalidated)
37 silly packumentCache full:https://registry.npmjs.org/@types%2freact set size:2588964 disposed:false
38 silly placeDep ROOT styled-components@6.4.1 OK for: resume-roast@0.1.0 want: *
39 silly fetch manifest @emotion/is-prop-valid@1.4.0
40 silly packumentCache full:https://registry.npmjs.org/@emotion%2fis-prop-valid cache-miss
41 silly fetch manifest css-to-react-native@3.2.0
42 silly packumentCache full:https://registry.npmjs.org/css-to-react-native cache-miss
43 silly fetch manifest stylis@4.3.6
44 silly packumentCache full:https://registry.npmjs.org/stylis cache-miss
45 http fetch GET 200 https://registry.npmjs.org/stylis 218ms (cache miss)
46 silly packumentCache full:https://registry.npmjs.org/stylis set size:undefined disposed:false
47 http fetch GET 200 https://registry.npmjs.org/css-to-react-native 292ms (cache miss)
48 silly packumentCache full:https://registry.npmjs.org/css-to-react-native set size:undefined disposed:false
49 http fetch GET 200 https://registry.npmjs.org/@emotion%2fis-prop-valid 791ms (cache revalidated)
50 silly packumentCache full:https://registry.npmjs.org/@emotion%2fis-prop-valid set size:96664 disposed:false
51 silly placeDep ROOT @emotion/is-prop-valid@1.4.0 OK for: styled-components@6.4.1 want: 1.4.0
52 silly placeDep ROOT css-to-react-native@3.2.0 OK for: styled-components@6.4.1 want: 3.2.0
53 silly placeDep ROOT stylis@4.3.6 OK for: styled-components@6.4.1 want: 4.3.6
54 silly fetch manifest @emotion/memoize@^0.9.0
55 silly packumentCache full:https://registry.npmjs.org/@emotion%2fmemoize cache-miss
56 silly fetch manifest camelize@^1.0.0
57 silly packumentCache full:https://registry.npmjs.org/camelize cache-miss
58 silly fetch manifest css-color-keywords@^1.0.0
59 silly packumentCache full:https://registry.npmjs.org/css-color-keywords cache-miss
60 http fetch GET 200 https://registry.npmjs.org/camelize 296ms (cache miss)
61 silly packumentCache full:https://registry.npmjs.org/camelize set size:undefined disposed:false
62 silly fetch manifest postcss-value-parser@^4.0.2
63 silly packumentCache full:https://registry.npmjs.org/postcss-value-parser cache-miss
64 http fetch GET 200 https://registry.npmjs.org/css-color-keywords 321ms (cache miss)
65 silly packumentCache full:https://registry.npmjs.org/css-color-keywords set size:undefined disposed:false
66 http fetch GET 200 https://registry.npmjs.org/@emotion%2fmemoize 324ms (cache miss)
67 silly packumentCache full:https://registry.npmjs.org/@emotion%2fmemoize set size:undefined disposed:false
68 http fetch GET 200 https://registry.npmjs.org/postcss-value-parser 39ms (cache miss)
69 silly packumentCache full:https://registry.npmjs.org/postcss-value-parser set size:undefined disposed:false
70 silly placeDep ROOT @emotion/memoize@0.9.0 OK for: @emotion/is-prop-valid@1.4.0 want: ^0.9.0
71 silly placeDep ROOT camelize@1.0.1 OK for: css-to-react-native@3.2.0 want: ^1.0.0
72 silly placeDep ROOT css-color-keywords@1.0.0 OK for: css-to-react-native@3.2.0 want: ^1.0.0
73 silly placeDep ROOT postcss-value-parser@4.2.0 OK for: css-to-react-native@3.2.0 want: ^4.0.2
74 silly reify moves {}
75 verbose reify failed optional dependency /Users/ritvikmudgal/VS-CODE/resume-roast/node_modules/@tailwindcss/oxide-wasm32-wasi
76 silly reify mark deleted [
76 silly reify   '/Users/ritvikmudgal/VS-CODE/resume-roast/node_modules/@tailwindcss/oxide-wasm32-wasi'
76 silly reify ]
77 silly audit bulk request {
77 silly audit   '@alloc/quick-lru': [ '5.2.0' ],
77 silly audit   '@babel/code-frame': [ '7.29.0' ],
77 silly audit   '@babel/compat-data': [ '7.29.3' ],
77 silly audit   '@babel/core': [ '7.29.0' ],
77 silly audit   '@babel/generator': [ '7.29.1' ],
77 silly audit   '@babel/helper-compilation-targets': [ '7.28.6' ],
77 silly audit   '@babel/helper-globals': [ '7.28.0' ],
77 silly audit   '@babel/helper-module-imports': [ '7.28.6' ],
77 silly audit   '@babel/helper-module-transforms': [ '7.28.6' ],
77 silly audit   '@babel/helper-string-parser': [ '7.27.1' ],
77 silly audit   '@babel/helper-validator-identifier': [ '7.28.5' ],
77 silly audit   '@babel/helper-validator-option': [ '7.27.1' ],
77 silly audit   '@babel/helpers': [ '7.29.2' ],
77 silly audit   '@babel/parser': [ '7.29.3' ],
77 silly audit   '@babel/template': [ '7.28.6' ],
77 silly audit   '@babel/traverse': [ '7.29.0' ],
77 silly audit   '@babel/types': [ '7.29.0' ],
77 silly audit   '@emnapi/core': [ '1.10.0' ],
77 silly audit   '@emnapi/runtime': [ '1.10.0' ],
77 silly audit   '@emnapi/wasi-threads': [ '1.2.1' ],
77 silly audit   '@eslint-community/eslint-utils': [ '4.9.1' ],
77 silly audit   'eslint-visitor-keys': [ '3.4.3', '5.0.1', '4.2.1' ],
77 silly audit   '@eslint-community/regexpp': [ '4.12.2' ],
77 silly audit   '@eslint/config-array': [ '0.21.2' ],
77 silly audit   '@eslint/config-helpers': [ '0.4.2' ],
77 silly audit   '@eslint/core': [ '0.17.0' ],
77 silly audit   '@eslint/eslintrc': [ '3.3.5' ],
77 silly audit   '@eslint/js': [ '9.39.4' ],
77 silly audit   '@eslint/object-schema': [ '2.1.7' ],
77 silly audit   '@eslint/plugin-kit': [ '0.4.1' ],
77 silly audit   '@humanfs/core': [ '0.19.2' ],
77 silly audit   '@humanfs/node': [ '0.16.8' ],
77 silly audit   '@humanfs/types': [ '0.15.0' ],
77 silly audit   '@humanwhocodes/module-importer': [ '1.0.1' ],
77 silly audit   '@humanwhocodes/retry': [ '0.4.3' ],
77 silly audit   '@img/colour': [ '1.1.0' ],
77 silly audit   '@img/sharp-darwin-arm64': [ '0.34.5' ],
77 silly audit   '@img/sharp-darwin-x64': [ '0.34.5' ],
77 silly audit   '@img/sharp-libvips-darwin-arm64': [ '1.2.4' ],
77 silly audit   '@img/sharp-libvips-darwin-x64': [ '1.2.4' ],
77 silly audit   '@img/sharp-libvips-linux-arm': [ '1.2.4' ],
77 silly audit   '@img/sharp-libvips-linux-arm64': [ '1.2.4' ],
77 silly audit   '@img/sharp-libvips-linux-ppc64': [ '1.2.4' ],
77 silly audit   '@img/sharp-libvips-linux-riscv64': [ '1.2.4' ],
77 silly audit   '@img/sharp-libvips-linux-s390x': [ '1.2.4' ],
77 silly audit   '@img/sharp-libvips-linux-x64': [ '1.2.4' ],
77 silly audit   '@img/sharp-libvips-linuxmusl-arm64': [ '1.2.4' ],
77 silly audit   '@img/sharp-libvips-linuxmusl-x64': [ '1.2.4' ],
77 silly audit   '@img/sharp-linux-arm': [ '0.34.5' ],
77 silly audit   '@img/sharp-linux-arm64': [ '0.34.5' ],
77 silly audit   '@img/sharp-linux-ppc64': [ '0.34.5' ],
77 silly audit   '@img/sharp-linux-riscv64': [ '0.34.5' ],
77 silly audit   '@img/sharp-linux-s390x': [ '0.34.5' ],
77 silly audit   '@img/sharp-linux-x64': [ '0.34.5' ],
77 silly audit   '@img/sharp-linuxmusl-arm64': [ '0.34.5' ],
77 silly audit   '@img/sharp-linuxmusl-x64': [ '0.34.5' ],
77 silly audit   '@img/sharp-wasm32': [ '0.34.5' ],
77 silly audit   '@img/sharp-win32-arm64': [ '0.34.5' ],
77 silly audit   '@img/sharp-win32-ia32': [ '0.34.5' ],
77 silly audit   '@img/sharp-win32-x64': [ '0.34.5' ],
77 silly audit   '@jridgewell/gen-mapping': [ '0.3.13' ],
77 silly audit   '@jridgewell/remapping': [ '2.3.5' ],
77 silly audit   '@jridgewell/resolve-uri': [ '3.1.2' ],
77 silly audit   '@jridgewell/sourcemap-codec': [ '1.5.5' ],
77 silly audit   '@jridgewell/trace-mapping': [ '0.3.31' ],
77 silly audit   '@napi-rs/wasm-runtime': [ '0.2.12' ],
77 silly audit   '@next/env': [ '16.2.6' ],
77 silly audit   '@next/eslint-plugin-next': [ '16.2.6' ],
77 silly audit   '@next/swc-darwin-arm64': [ '16.2.6' ],
77 silly audit   '@next/swc-darwin-x64': [ '16.2.6' ],
77 silly audit   '@next/swc-linux-arm64-gnu': [ '16.2.6' ],
77 silly audit   '@next/swc-linux-arm64-musl': [ '16.2.6' ],
77 silly audit   '@next/swc-linux-x64-gnu': [ '16.2.6' ],
77 silly audit   '@next/swc-linux-x64-musl': [ '16.2.6' ],
77 silly audit   '@next/swc-win32-arm64-msvc': [ '16.2.6' ],
77 silly audit   '@next/swc-win32-x64-msvc': [ '16.2.6' ],
77 silly audit   '@nodelib/fs.scandir': [ '2.1.5' ],
77 silly audit   '@nodelib/fs.stat': [ '2.0.5' ],
77 silly audit   '@nodelib/fs.walk': [ '1.2.8' ],
77 silly audit   '@nolyfill/is-core-module': [ '1.0.39' ],
77 silly audit   '@rtsao/scc': [ '1.1.0' ],
77 silly audit   '@swc/helpers': [ '0.5.15' ],
77 silly audit   '@tailwindcss/node': [ '4.2.4' ],
77 silly audit   '@tailwindcss/oxide': [ '4.2.4' ],
77 silly audit   '@tailwindcss/oxide-android-arm64': [ '4.2.4' ],
77 silly audit   '@tailwindcss/oxide-darwin-arm64': [ '4.2.4' ],
77 silly audit   '@tailwindcss/oxide-darwin-x64': [ '4.2.4' ],
77 silly audit   '@tailwindcss/oxide-freebsd-x64': [ '4.2.4' ],
77 silly audit   '@tailwindcss/oxide-linux-arm-gnueabihf': [ '4.2.4' ],
77 silly audit   '@tailwindcss/oxide-linux-arm64-gnu': [ '4.2.4' ],
77 silly audit   '@tailwindcss/oxide-linux-arm64-musl': [ '4.2.4' ],
77 silly audit   '@tailwindcss/oxide-linux-x64-gnu': [ '4.2.4' ],
77 silly audit   '@tailwindcss/oxide-linux-x64-musl': [ '4.2.4' ],
77 silly audit   '@tailwindcss/oxide-win32-arm64-msvc': [ '4.2.4' ],
77 silly audit   '@tailwindcss/oxide-win32-x64-msvc': [ '4.2.4' ],
77 silly audit   '@tailwindcss/postcss': [ '4.2.4' ],
77 silly audit   '@tybys/wasm-util': [ '0.10.2' ],
77 silly audit   '@types/estree': [ '1.0.9' ],
77 silly audit   '@types/json-schema': [ '7.0.15' ],
77 silly audit   '@types/json5': [ '0.0.29' ],
77 silly audit   '@types/node': [ '20.19.40' ],
77 silly audit   '@types/react': [ '19.2.14' ],
77 silly audit   '@types/react-dom': [ '19.2.3' ],
77 silly audit   '@typescript-eslint/eslint-plugin': [ '8.59.2' ],
77 silly audit   ignore: [ '7.0.5', '5.3.2' ],
77 silly audit   '@typescript-eslint/parser': [ '8.59.2' ],
77 silly audit   '@typescript-eslint/project-service': [ '8.59.2' ],
77 silly audit   '@typescript-eslint/scope-manager': [ '8.59.2' ],
77 silly audit   '@typescript-eslint/tsconfig-utils': [ '8.59.2' ],
77 silly audit   '@typescript-eslint/type-utils': [ '8.59.2' ],
77 silly audit   '@typescript-eslint/types': [ '8.59.2' ],
77 silly audit   '@typescript-eslint/typescript-estree': [ '8.59.2' ],
77 silly audit   'balanced-match': [ '4.0.4', '1.0.2' ],
77 silly audit   'brace-expansion': [ '5.0.6', '1.1.14' ],
77 silly audit   minimatch: [ '10.2.5', '3.1.5' ],
77 silly audit   semver: [ '7.7.4', '6.3.1' ],
77 silly audit   '@typescript-eslint/utils': [ '8.59.2' ],
77 silly audit   '@typescript-eslint/visitor-keys': [ '8.59.2' ],
77 silly audit   '@unrs/resolver-binding-android-arm-eabi': [ '1.11.1' ],
77 silly audit   '@unrs/resolver-binding-android-arm64': [ '1.11.1' ],
77 silly audit   '@unrs/resolver-binding-darwin-arm64': [ '1.11.1' ],
77 silly audit   '@unrs/resolver-binding-darwin-x64': [ '1.11.1' ],
77 silly audit   '@unrs/resolver-binding-freebsd-x64': [ '1.11.1' ],
77 silly audit   '@unrs/resolver-binding-linux-arm-gnueabihf': [ '1.11.1' ],
77 silly audit   '@unrs/resolver-binding-linux-arm-musleabihf': [ '1.11.1' ],
77 silly audit   '@unrs/resolver-binding-linux-arm64-gnu': [ '1.11.1' ],
77 silly audit   '@unrs/resolver-binding-linux-arm64-musl': [ '1.11.1' ],
77 silly audit   '@unrs/resolver-binding-linux-ppc64-gnu': [ '1.11.1' ],
77 silly audit   '@unrs/resolver-binding-linux-riscv64-gnu': [ '1.11.1' ],
77 silly audit   '@unrs/resolver-binding-linux-riscv64-musl': [ '1.11.1' ],
77 silly audit   '@unrs/resolver-binding-linux-s390x-gnu': [ '1.11.1' ],
77 silly audit   '@unrs/resolver-binding-linux-x64-gnu': [ '1.11.1' ],
77 silly audit   '@unrs/resolver-binding-linux-x64-musl': [ '1.11.1' ],
77 silly audit   '@unrs/resolver-binding-wasm32-wasi': [ '1.11.1' ],
77 silly audit   '@unrs/resolver-binding-win32-arm64-msvc': [ '1.11.1' ],
77 silly audit   '@unrs/resolver-binding-win32-ia32-msvc': [ '1.11.1' ],
77 silly audit   '@unrs/resolver-binding-win32-x64-msvc': [ '1.11.1' ],
77 silly audit   acorn: [ '8.16.0' ],
77 silly audit   'acorn-jsx': [ '5.3.2' ],
77 silly audit   ajv: [ '6.15.0' ],
77 silly audit   'ansi-styles': [ '4.3.0' ],
77 silly audit   argparse: [ '2.0.1' ],
77 silly audit   'aria-query': [ '5.3.2' ],
77 silly audit   'array-buffer-byte-length': [ '1.0.2' ],
77 silly audit   'array-includes': [ '3.1.9' ],
77 silly audit   'array.prototype.findlast': [ '1.2.5' ],
77 silly audit   'array.prototype.findlastindex': [ '1.2.6' ],
77 silly audit   'array.prototype.flat': [ '1.3.3' ],
77 silly audit   'array.prototype.flatmap': [ '1.3.3' ],
77 silly audit   'array.prototype.tosorted': [ '1.1.4' ],
77 silly audit   'arraybuffer.prototype.slice': [ '1.0.4' ],
77 silly audit   'ast-types-flow': [ '0.0.8' ],
77 silly audit   'async-function': [ '1.0.0' ],
77 silly audit   'available-typed-arrays': [ '1.0.7' ],
77 silly audit   'axe-core': [ '4.11.4' ],
77 silly audit   'axobject-query': [ '4.1.0' ],
77 silly audit   'baseline-browser-mapping': [ '2.10.27' ],
77 silly audit   braces: [ '3.0.3' ],
77 silly audit   browserslist: [ '4.28.2' ],
77 silly audit   'call-bind': [ '1.0.9' ],
77 silly audit   'call-bind-apply-helpers': [ '1.0.2' ],
77 silly audit   'call-bound': [ '1.0.4' ],
77 silly audit   callsites: [ '3.1.0' ],
77 silly audit   'caniuse-lite': [ '1.0.30001792' ],
77 silly audit   chalk: [ '4.1.2' ],
77 silly audit   classnames: [ '2.5.1' ],
77 silly audit   'client-only': [ '0.0.1' ],
77 silly audit   'color-convert': [ '2.0.1' ],
77 silly audit   'color-name': [ '1.1.4' ],
77 silly audit   'concat-map': [ '0.0.1' ],
77 silly audit   'convert-source-map': [ '2.0.0' ],
77 silly audit   'cross-spawn': [ '7.0.6' ],
77 silly audit   csstype: [ '3.2.3' ],
77 silly audit   'damerau-levenshtein': [ '1.0.8' ],
77 silly audit   'data-view-buffer': [ '1.0.2' ],
77 silly audit   'data-view-byte-length': [ '1.0.2' ],
77 silly audit   'data-view-byte-offset': [ '1.0.1' ],
77 silly audit   debug: [ '4.4.3', '3.2.7' ],
77 silly audit   'deep-is': [ '0.1.4' ],
77 silly audit   'define-data-property': [ '1.1.4' ],
77 silly audit   'define-properties': [ '1.2.1' ],
77 silly audit   'detect-libc': [ '2.1.2' ],
77 silly audit   doctrine: [ '2.1.0' ],
77 silly audit   'dunder-proto': [ '1.0.1' ],
77 silly audit   'electron-to-chromium': [ '1.5.352' ],
77 silly audit   'emoji-regex': [ '9.2.2' ],
77 silly audit   'enhanced-resolve': [ '5.21.2' ],
77 silly audit   'es-abstract': [ '1.24.2' ],
77 silly audit   'es-define-property': [ '1.0.1' ],
77 silly audit   'es-errors': [ '1.3.0' ],
77 silly audit   'es-iterator-helpers': [ '1.3.2' ],
77 silly audit   'es-object-atoms': [ '1.1.1' ],
77 silly audit   'es-set-tostringtag': [ '2.1.0' ],
77 silly audit   'es-shim-unscopables': [ '1.1.0' ],
77 silly audit   'es-to-primitive': [ '1.3.0' ],
77 silly audit   escalade: [ '3.2.0' ],
77 silly audit   'escape-string-regexp': [ '4.0.0' ],
77 silly audit   eslint: [ '9.39.4' ],
77 silly audit   'eslint-config-next': [ '16.2.6' ],
77 silly audit   globals: [ '16.4.0', '14.0.0' ],
77 silly audit   'eslint-import-resolver-node': [ '0.3.10' ],
77 silly audit   'eslint-import-resolver-typescript': [ '3.10.1' ],
77 silly audit   'eslint-module-utils': [ '2.12.1' ],
77 silly audit   'eslint-plugin-import': [ '2.32.0' ],
77 silly audit   'eslint-plugin-jsx-a11y': [ '6.10.2' ],
77 silly audit   'eslint-plugin-react': [ '7.37.5' ],
77 silly audit   'eslint-plugin-react-hooks': [ '7.1.1' ],
77 silly audit   'eslint-scope': [ '8.4.0' ],
77 silly audit   espree: [ '10.4.0' ],
77 silly audit   esquery: [ '1.7.0' ],
77 silly audit   esrecurse: [ '4.3.0' ],
77 silly audit   estraverse: [ '5.3.0' ],
77 silly audit   esutils: [ '2.0.3' ],
77 silly audit   'fast-deep-equal': [ '3.1.3' ],
77 silly audit   'fast-glob': [ '3.3.1' ],
77 silly audit   'glob-parent': [ '5.1.2', '6.0.2' ],
77 silly audit   'fast-json-stable-stringify': [ '2.1.0' ],
77 silly audit   'fast-levenshtein': [ '2.0.6' ],
77 silly audit   fastq: [ '1.20.1' ],
77 silly audit   'file-entry-cache': [ '8.0.0' ],
77 silly audit   'fill-range': [ '7.1.1' ],
77 silly audit   'find-up': [ '5.0.0' ],
77 silly audit   'flat-cache': [ '4.0.1' ],
77 silly audit   flatted: [ '3.4.2' ],
77 silly audit   'for-each': [ '0.3.5' ],
77 silly audit   'framer-motion': [ '12.38.0' ],
77 silly audit   'function-bind': [ '1.1.2' ],
77 silly audit   'function.prototype.name': [ '1.1.8' ],
77 silly audit   'functions-have-names': [ '1.2.3' ],
77 silly audit   'generator-function': [ '2.0.1' ],
77 silly audit   gensync: [ '1.0.0-beta.2' ],
77 silly audit   'get-intrinsic': [ '1.3.0' ],
77 silly audit   'get-proto': [ '1.0.1' ],
77 silly audit   'get-symbol-description': [ '1.1.0' ],
77 silly audit   'get-tsconfig': [ '4.14.0' ],
77 silly audit   globalthis: [ '1.0.4' ],
77 silly audit   gopd: [ '1.2.0' ],
77 silly audit   'graceful-fs': [ '4.2.11' ],
77 silly audit   'has-bigints': [ '1.1.0' ],
77 silly audit   'has-flag': [ '4.0.0' ],
77 silly audit   'has-property-descriptors': [ '1.0.2' ],
77 silly audit   'has-proto': [ '1.2.0' ],
77 silly audit   'has-symbols': [ '1.1.0' ],
77 silly audit   'has-tostringtag': [ '1.0.2' ],
77 silly audit   hasown: [ '2.0.3' ],
77 silly audit   'hermes-estree': [ '0.25.1' ],
77 silly audit   'hermes-parser': [ '0.25.1' ],
77 silly audit   'import-fresh': [ '3.3.1' ],
77 silly audit   imurmurhash: [ '0.1.4' ],
77 silly audit   'internal-slot': [ '1.1.0' ],
77 silly audit   'is-array-buffer': [ '3.0.5' ],
77 silly audit   'is-async-function': [ '2.1.1' ],
77 silly audit   'is-bigint': [ '1.1.0' ],
77 silly audit   'is-boolean-object': [ '1.2.2' ],
77 silly audit   'is-bun-module': [ '2.0.0' ],
77 silly audit   'is-callable': [ '1.2.7' ],
77 silly audit   'is-core-module': [ '2.16.2' ],
77 silly audit   'is-data-view': [ '1.0.2' ],
77 silly audit   'is-date-object': [ '1.1.0' ],
77 silly audit   'is-extglob': [ '2.1.1' ],
77 silly audit   'is-finalizationregistry': [ '1.1.1' ],
77 silly audit   'is-generator-function': [ '1.1.2' ],
77 silly audit   'is-glob': [ '4.0.3' ],
77 silly audit   'is-map': [ '2.0.3' ],
77 silly audit   'is-negative-zero': [ '2.0.3' ],
77 silly audit   'is-number': [ '7.0.0' ],
77 silly audit   'is-number-object': [ '1.1.1' ],
77 silly audit   'is-regex': [ '1.2.1' ],
77 silly audit   'is-set': [ '2.0.3' ],
77 silly audit   'is-shared-array-buffer': [ '1.0.4' ],
77 silly audit   'is-string': [ '1.1.1' ],
77 silly audit   'is-symbol': [ '1.1.1' ],
77 silly audit   'is-typed-array': [ '1.1.15' ],
77 silly audit   'is-weakmap': [ '2.0.2' ],
77 silly audit   'is-weakref': [ '1.1.1' ],
77 silly audit   'is-weakset': [ '2.0.4' ],
77 silly audit   isarray: [ '2.0.5' ],
77 silly audit   isexe: [ '2.0.0' ],
77 silly audit   'iterator.prototype': [ '1.1.5' ],
77 silly audit   jiti: [ '2.7.0' ],
77 silly audit   'js-tokens': [ '4.0.0' ],
77 silly audit   'js-yaml': [ '4.1.1' ],
77 silly audit   jsesc: [ '3.1.0' ],
77 silly audit   'json-buffer': [ '3.0.1' ],
77 silly audit   'json-schema-traverse': [ '0.4.1' ],
77 silly audit   'json-stable-stringify-without-jsonify': [ '1.0.1' ],
77 silly audit   json5: [ '2.2.3', '1.0.2' ],
77 silly audit   'jsx-ast-utils': [ '3.3.5' ],
77 silly audit   keyv: [ '4.5.4' ],
77 silly audit   'language-subtag-registry': [ '0.3.23' ],
77 silly audit   'language-tags': [ '1.0.9' ],
77 silly audit   levn: [ '0.4.1' ],
77 silly audit   lightningcss: [ '1.32.0' ],
77 silly audit   'lightningcss-android-arm64': [ '1.32.0' ],
77 silly audit   'lightningcss-darwin-arm64': [ '1.32.0' ],
77 silly audit   'lightningcss-darwin-x64': [ '1.32.0' ],
77 silly audit   'lightningcss-freebsd-x64': [ '1.32.0' ],
77 silly audit   'lightningcss-linux-arm-gnueabihf': [ '1.32.0' ],
77 silly audit   'lightningcss-linux-arm64-gnu': [ '1.32.0' ],
77 silly audit   'lightningcss-linux-arm64-musl': [ '1.32.0' ],
77 silly audit   'lightningcss-linux-x64-gnu': [ '1.32.0' ],
77 silly audit   'lightningcss-linux-x64-musl': [ '1.32.0' ],
77 silly audit   'lightningcss-win32-arm64-msvc': [ '1.32.0' ],
77 silly audit   'lightningcss-win32-x64-msvc': [ '1.32.0' ],
77 silly audit   'locate-path': [ '6.0.0' ],
77 silly audit   'lodash.merge': [ '4.6.2' ],
77 silly audit   'loose-envify': [ '1.4.0' ],
77 silly audit   'lru-cache': [ '5.1.1' ],
77 silly audit   'lucide-react': [ '1.14.0' ],
77 silly audit   'magic-string': [ '0.30.21' ],
77 silly audit   'math-intrinsics': [ '1.1.0' ],
77 silly audit   merge2: [ '1.4.1' ],
77 silly audit   micromatch: [ '4.0.8' ],
77 silly audit   minimist: [ '1.2.8' ],
77 silly audit   'motion-dom': [ '12.38.0' ],
77 silly audit   'motion-utils': [ '12.36.0' ],
77 silly audit   ms: [ '2.1.3' ],
77 silly audit   nanoid: [ '3.3.12' ],
77 silly audit   'napi-postinstall': [ '0.3.4' ],
77 silly audit   'natural-compare': [ '1.4.0' ],
77 silly audit   next: [ '16.2.6' ],
77 silly audit   'next-themes': [ '0.4.6' ],
77 silly audit   postcss: [ '8.4.31', '8.5.14' ],
77 silly audit   'node-exports-info': [ '1.6.0' ],
77 silly audit   'node-releases': [ '2.0.38' ],
77 silly audit   'object-assign': [ '4.1.1' ],
77 silly audit   'object-inspect': [ '1.13.4' ],
77 silly audit   'object-keys': [ '1.1.1' ],
77 silly audit   'object.assign': [ '4.1.7' ],
77 silly audit   'object.entries': [ '1.1.9' ],
77 silly audit   'object.fromentries': [ '2.0.8' ],
77 silly audit   'object.groupby': [ '1.0.3' ],
77 silly audit   'object.values': [ '1.2.1' ],
77 silly audit   optionator: [ '0.9.4' ],
77 silly audit   'own-keys': [ '1.0.1' ],
77 silly audit   'p-limit': [ '3.1.0' ],
77 silly audit   'p-locate': [ '5.0.0' ],
77 silly audit   'parent-module': [ '1.0.1' ],
77 silly audit   'path-exists': [ '4.0.0' ],
77 silly audit   'path-key': [ '3.1.1' ],
77 silly audit   'path-parse': [ '1.0.7' ],
77 silly audit   picocolors: [ '1.1.1' ],
77 silly audit   picomatch: [ '2.3.2', '4.0.4' ],
77 silly audit   'possible-typed-array-names': [ '1.1.0' ],
77 silly audit   'prelude-ls': [ '1.2.1' ],
77 silly audit   'prop-types': [ '15.8.1' ],
77 silly audit   punycode: [ '2.3.1' ],
77 silly audit   'queue-microtask': [ '1.2.3' ],
77 silly audit   react: [ '19.2.4' ],
77 silly audit   'react-dom': [ '19.2.4' ],
77 silly audit   'react-is': [ '16.13.1' ],
77 silly audit   'reflect.getprototypeof': [ '1.0.10' ],
77 silly audit   'regexp.prototype.flags': [ '1.5.4' ],
77 silly audit   resolve: [ '2.0.0-next.6' ],
77 silly audit   'resolve-from': [ '4.0.0' ],
77 silly audit   'resolve-pkg-maps': [ '1.0.0' ],
77 silly audit   reusify: [ '1.1.0' ],
77 silly audit   'run-parallel': [ '1.2.0' ],
77 silly audit   'safe-array-concat': [ '1.1.4' ],
77 silly audit   'safe-push-apply': [ '1.0.0' ],
77 silly audit   'safe-regex-test': [ '1.1.0' ],
77 silly audit   scheduler: [ '0.27.0' ],
77 silly audit   'set-function-length': [ '1.2.2' ],
77 silly audit   'set-function-name': [ '2.0.2' ],
77 silly audit   'set-proto': [ '1.0.0' ],
77 silly audit   sharp: [ '0.34.5' ],
77 silly audit   'shebang-command': [ '2.0.0' ],
77 silly audit   'shebang-regex': [ '3.0.0' ],
77 silly audit   'side-channel': [ '1.1.0' ],
77 silly audit   'side-channel-list': [ '1.0.1' ],
77 silly audit   'side-channel-map': [ '1.0.1' ],
77 silly audit   'side-channel-weakmap': [ '1.0.2' ],
77 silly audit   'source-map-js': [ '1.2.1' ],
77 silly audit   'stable-hash': [ '0.0.5' ],
77 silly audit   'stop-iteration-iterator': [ '1.1.0' ],
77 silly audit   'string.prototype.includes': [ '2.0.1' ],
77 silly audit   'string.prototype.matchall': [ '4.0.12' ],
77 silly audit   'string.prototype.repeat': [ '1.0.0' ],
77 silly audit   'string.prototype.trim': [ '1.2.10' ],
77 silly audit   'string.prototype.trimend': [ '1.0.9' ],
77 silly audit   'string.prototype.trimstart': [ '1.0.8' ],
77 silly audit   'strip-bom': [ '3.0.0' ],
77 silly audit   'strip-json-comments': [ '3.1.1' ],
77 silly audit   'styled-jsx': [ '5.1.6' ],
77 silly audit   'supports-color': [ '7.2.0' ],
77 silly audit   'supports-preserve-symlinks-flag': [ '1.0.0' ],
77 silly audit   tailwindcss: [ '4.2.4' ],
77 silly audit   tapable: [ '2.3.3' ],
77 silly audit   tinyglobby: [ '0.2.16' ],
77 silly audit   fdir: [ '6.5.0' ],
77 silly audit   'to-regex-range': [ '5.0.1' ],
77 silly audit   'ts-api-utils': [ '2.5.0' ],
77 silly audit   'tsconfig-paths': [ '3.15.0' ],
77 silly audit   tslib: [ '2.8.1' ],
77 silly audit   'type-check': [ '0.4.0' ],
77 silly audit   'typed-array-buffer': [ '1.0.3' ],
77 silly audit   'typed-array-byte-length': [ '1.0.3' ],
77 silly audit   'typed-array-byte-offset': [ '1.0.4' ],
77 silly audit   'typed-array-length': [ '1.0.7' ],
77 silly audit   typescript: [ '5.9.3' ],
77 silly audit   'typescript-eslint': [ '8.59.2' ],
77 silly audit   'unbox-primitive': [ '1.1.0' ],
77 silly audit   'undici-types': [ '6.21.0' ],
77 silly audit   'unrs-resolver': [ '1.11.1' ],
77 silly audit   'update-browserslist-db': [ '1.2.3' ],
77 silly audit   'uri-js': [ '4.4.1' ],
77 silly audit   which: [ '2.0.2' ],
77 silly audit   'which-boxed-primitive': [ '1.1.1' ],
77 silly audit   'which-builtin-type': [ '1.2.1' ],
77 silly audit   'which-collection': [ '1.0.2' ],
77 silly audit   'which-typed-array': [ '1.1.20' ],
77 silly audit   'word-wrap': [ '1.2.5' ],
77 silly audit   yallist: [ '3.1.1' ],
77 silly audit   'yocto-queue': [ '0.1.0' ],
77 silly audit   zod: [ '4.4.3' ],
77 silly audit   'zod-validation-error': [ '4.0.2' ],
77 silly audit   'styled-components': [ '6.4.1' ],
77 silly audit   '@emotion/is-prop-valid': [ '1.4.0' ],
77 silly audit   'css-to-react-native': [ '3.2.0' ],
77 silly audit   stylis: [ '4.3.6' ],
77 silly audit   '@emotion/memoize': [ '0.9.0' ],
77 silly audit   camelize: [ '1.0.1' ],
77 silly audit   'css-color-keywords': [ '1.0.0' ],
77 silly audit   'postcss-value-parser': [ '4.2.0' ],
77 silly audit   '@tailwindcss/oxide-wasm32-wasi': [ '4.2.4' ]
77 silly audit }
78 verbose reify failed optional dependency /Users/ritvikmudgal/VS-CODE/resume-roast/node_modules/lightningcss-win32-x64-msvc
79 silly reify mark deleted [
79 silly reify   '/Users/ritvikmudgal/VS-CODE/resume-roast/node_modules/lightningcss-win32-x64-msvc'
79 silly reify ]
80 verbose reify failed optional dependency /Users/ritvikmudgal/VS-CODE/resume-roast/node_modules/lightningcss-win32-arm64-msvc
81 silly reify mark deleted [
81 silly reify   '/Users/ritvikmudgal/VS-CODE/resume-roast/node_modules/lightningcss-win32-arm64-msvc'
81 silly reify ]
82 verbose reify failed optional dependency /Users/ritvikmudgal/VS-CODE/resume-roast/node_modules/lightningcss-linux-x64-musl
83 silly reify mark deleted [
83 silly reify   '/Users/ritvikmudgal/VS-CODE/resume-roast/node_modules/lightningcss-linux-x64-musl'
83 silly reify ]
84 verbose reify failed optional dependency /Users/ritvikmudgal/VS-CODE/resume-roast/node_modules/lightningcss-linux-x64-gnu
85 silly reify mark deleted [
85 silly reify   '/Users/ritvikmudgal/VS-CODE/resume-roast/node_modules/lightningcss-linux-x64-gnu'
85 silly reify ]
86 verbose reify failed optional dependency /Users/ritvikmudgal/VS-CODE/resume-roast/node_modules/lightningcss-linux-arm64-musl
87 silly reify mark deleted [
87 silly reify   '/Users/ritvikmudgal/VS-CODE/resume-roast/node_modules/lightningcss-linux-arm64-musl'
87 silly reify ]
88 verbose reify failed optional dependency /Users/ritvikmudgal/VS-CODE/resume-roast/node_modules/lightningcss-linux-arm64-gnu
89 silly reify mark deleted [
89 silly reify   '/Users/ritvikmudgal/VS-CODE/resume-roast/node_modules/lightningcss-linux-arm64-gnu'
89 silly reify ]
90 verbose reify failed optional dependency /Users/ritvikmudgal/VS-CODE/resume-roast/node_modules/lightningcss-linux-arm-gnueabihf
91 silly reify mark deleted [
91 silly reify   '/Users/ritvikmudgal/VS-CODE/resume-roast/node_modules/lightningcss-linux-arm-gnueabihf'
91 silly reify ]
92 verbose reify failed optional dependency /Users/ritvikmudgal/VS-CODE/resume-roast/node_modules/lightningcss-freebsd-x64
93 silly reify mark deleted [
93 silly reify   '/Users/ritvikmudgal/VS-CODE/resume-roast/node_modules/lightningcss-freebsd-x64'
93 silly reify ]
94 verbose reify failed optional dependency /Users/ritvikmudgal/VS-CODE/resume-roast/node_modules/lightningcss-darwin-arm64
95 silly reify mark deleted [
95 silly reify   '/Users/ritvikmudgal/VS-CODE/resume-roast/node_modules/lightningcss-darwin-arm64'
95 silly reify ]
96 verbose reify failed optional dependency /Users/ritvikmudgal/VS-CODE/resume-roast/node_modules/lightningcss-android-arm64
97 silly reify mark deleted [
97 silly reify   '/Users/ritvikmudgal/VS-CODE/resume-roast/node_modules/lightningcss-android-arm64'
97 silly reify ]
98 verbose reify failed optional dependency /Users/ritvikmudgal/VS-CODE/resume-roast/node_modules/@unrs/resolver-binding-win32-x64-msvc
99 silly reify mark deleted [
99 silly reify   '/Users/ritvikmudgal/VS-CODE/resume-roast/node_modules/@unrs/resolver-binding-win32-x64-msvc'
99 silly reify ]
100 verbose reify failed optional dependency /Users/ritvikmudgal/VS-CODE/resume-roast/node_modules/@unrs/resolver-binding-win32-ia32-msvc
101 silly reify mark deleted [
101 silly reify   '/Users/ritvikmudgal/VS-CODE/resume-roast/node_modules/@unrs/resolver-binding-win32-ia32-msvc'
101 silly reify ]
102 verbose reify failed optional dependency /Users/ritvikmudgal/VS-CODE/resume-roast/node_modules/@unrs/resolver-binding-win32-arm64-msvc
103 silly reify mark deleted [
103 silly reify   '/Users/ritvikmudgal/VS-CODE/resume-roast/node_modules/@unrs/resolver-binding-win32-arm64-msvc'
103 silly reify ]
104 verbose reify failed optional dependency /Users/ritvikmudgal/VS-CODE/resume-roast/node_modules/@unrs/resolver-binding-wasm32-wasi
105 silly reify mark deleted [
105 silly reify   '/Users/ritvikmudgal/VS-CODE/resume-roast/node_modules/@unrs/resolver-binding-wasm32-wasi'
105 silly reify ]
106 verbose reify failed optional dependency /Users/ritvikmudgal/VS-CODE/resume-roast/node_modules/@unrs/resolver-binding-linux-x64-musl
107 silly reify mark deleted [
107 silly reify   '/Users/ritvikmudgal/VS-CODE/resume-roast/node_modules/@unrs/resolver-binding-linux-x64-musl'
107 silly reify ]
108 verbose reify failed optional dependency /Users/ritvikmudgal/VS-CODE/resume-roast/node_modules/@unrs/resolver-binding-linux-x64-gnu
109 silly reify mark deleted [
109 silly reify   '/Users/ritvikmudgal/VS-CODE/resume-roast/node_modules/@unrs/resolver-binding-linux-x64-gnu'
109 silly reify ]
110 verbose reify failed optional dependency /Users/ritvikmudgal/VS-CODE/resume-roast/node_modules/@unrs/resolver-binding-linux-s390x-gnu
111 silly reify mark deleted [
111 silly reify   '/Users/ritvikmudgal/VS-CODE/resume-roast/node_modules/@unrs/resolver-binding-linux-s390x-gnu'
111 silly reify ]
112 verbose reify failed optional dependency /Users/ritvikmudgal/VS-CODE/resume-roast/node_modules/@unrs/resolver-binding-linux-riscv64-musl
113 silly reify mark deleted [
113 silly reify   '/Users/ritvikmudgal/VS-CODE/resume-roast/node_modules/@unrs/resolver-binding-linux-riscv64-musl'
113 silly reify ]
114 verbose reify failed optional dependency /Users/ritvikmudgal/VS-CODE/resume-roast/node_modules/@unrs/resolver-binding-linux-riscv64-gnu
115 silly reify mark deleted [
115 silly reify   '/Users/ritvikmudgal/VS-CODE/resume-roast/node_modules/@unrs/resolver-binding-linux-riscv64-gnu'
115 silly reify ]
116 verbose reify failed optional dependency /Users/ritvikmudgal/VS-CODE/resume-roast/node_modules/@unrs/resolver-binding-linux-ppc64-gnu
117 silly reify mark deleted [
117 silly reify   '/Users/ritvikmudgal/VS-CODE/resume-roast/node_modules/@unrs/resolver-binding-linux-ppc64-gnu'
117 silly reify ]
118 verbose reify failed optional dependency /Users/ritvikmudgal/VS-CODE/resume-roast/node_modules/@unrs/resolver-binding-linux-arm64-musl
119 silly reify mark deleted [
119 silly reify   '/Users/ritvikmudgal/VS-CODE/resume-roast/node_modules/@unrs/resolver-binding-linux-arm64-musl'
119 silly reify ]
120 verbose reify failed optional dependency /Users/ritvikmudgal/VS-CODE/resume-roast/node_modules/@unrs/resolver-binding-linux-arm64-gnu
121 silly reify mark deleted [
121 silly reify   '/Users/ritvikmudgal/VS-CODE/resume-roast/node_modules/@unrs/resolver-binding-linux-arm64-gnu'
121 silly reify ]
122 verbose reify failed optional dependency /Users/ritvikmudgal/VS-CODE/resume-roast/node_modules/@unrs/resolver-binding-linux-arm-musleabihf
123 silly reify mark deleted [
123 silly reify   '/Users/ritvikmudgal/VS-CODE/resume-roast/node_modules/@unrs/resolver-binding-linux-arm-musleabihf'
123 silly reify ]
124 verbose reify failed optional dependency /Users/ritvikmudgal/VS-CODE/resume-roast/node_modules/@unrs/resolver-binding-linux-arm-gnueabihf
125 silly reify mark deleted [
125 silly reify   '/Users/ritvikmudgal/VS-CODE/resume-roast/node_modules/@unrs/resolver-binding-linux-arm-gnueabihf'
125 silly reify ]
126 verbose reify failed optional dependency /Users/ritvikmudgal/VS-CODE/resume-roast/node_modules/@unrs/resolver-binding-freebsd-x64
127 silly reify mark deleted [
127 silly reify   '/Users/ritvikmudgal/VS-CODE/resume-roast/node_modules/@unrs/resolver-binding-freebsd-x64'
127 silly reify ]
128 verbose reify failed optional dependency /Users/ritvikmudgal/VS-CODE/resume-roast/node_modules/@unrs/resolver-binding-darwin-arm64
129 silly reify mark deleted [
129 silly reify   '/Users/ritvikmudgal/VS-CODE/resume-roast/node_modules/@unrs/resolver-binding-darwin-arm64'
129 silly reify ]
130 verbose reify failed optional dependency /Users/ritvikmudgal/VS-CODE/resume-roast/node_modules/@unrs/resolver-binding-android-arm64
131 silly reify mark deleted [
131 silly reify   '/Users/ritvikmudgal/VS-CODE/resume-roast/node_modules/@unrs/resolver-binding-android-arm64'
131 silly reify ]
132 verbose reify failed optional dependency /Users/ritvikmudgal/VS-CODE/resume-roast/node_modules/@unrs/resolver-binding-android-arm-eabi
133 silly reify mark deleted [
133 silly reify   '/Users/ritvikmudgal/VS-CODE/resume-roast/node_modules/@unrs/resolver-binding-android-arm-eabi'
133 silly reify ]
134 verbose reify failed optional dependency /Users/ritvikmudgal/VS-CODE/resume-roast/node_modules/@tailwindcss/oxide-win32-x64-msvc
135 silly reify mark deleted [
135 silly reify   '/Users/ritvikmudgal/VS-CODE/resume-roast/node_modules/@tailwindcss/oxide-win32-x64-msvc'
135 silly reify ]
136 verbose reify failed optional dependency /Users/ritvikmudgal/VS-CODE/resume-roast/node_modules/@tailwindcss/oxide-win32-arm64-msvc
137 silly reify mark deleted [
137 silly reify   '/Users/ritvikmudgal/VS-CODE/resume-roast/node_modules/@tailwindcss/oxide-win32-arm64-msvc'
137 silly reify ]
138 verbose reify failed optional dependency /Users/ritvikmudgal/VS-CODE/resume-roast/node_modules/@tailwindcss/oxide-linux-x64-musl
139 silly reify mark deleted [
139 silly reify   '/Users/ritvikmudgal/VS-CODE/resume-roast/node_modules/@tailwindcss/oxide-linux-x64-musl'
139 silly reify ]
140 verbose reify failed optional dependency /Users/ritvikmudgal/VS-CODE/resume-roast/node_modules/@tailwindcss/oxide-linux-x64-gnu
141 silly reify mark deleted [
141 silly reify   '/Users/ritvikmudgal/VS-CODE/resume-roast/node_modules/@tailwindcss/oxide-linux-x64-gnu'
141 silly reify ]
142 verbose reify failed optional dependency /Users/ritvikmudgal/VS-CODE/resume-roast/node_modules/@tailwindcss/oxide-linux-arm64-musl
143 silly reify mark deleted [
143 silly reify   '/Users/ritvikmudgal/VS-CODE/resume-roast/node_modules/@tailwindcss/oxide-linux-arm64-musl'
143 silly reify ]
144 verbose reify failed optional dependency /Users/ritvikmudgal/VS-CODE/resume-roast/node_modules/@tailwindcss/oxide-linux-arm64-gnu
145 silly reify mark deleted [
145 silly reify   '/Users/ritvikmudgal/VS-CODE/resume-roast/node_modules/@tailwindcss/oxide-linux-arm64-gnu'
145 silly reify ]
146 verbose reify failed optional dependency /Users/ritvikmudgal/VS-CODE/resume-roast/node_modules/@tailwindcss/oxide-linux-arm-gnueabihf
147 silly reify mark deleted [
147 silly reify   '/Users/ritvikmudgal/VS-CODE/resume-roast/node_modules/@tailwindcss/oxide-linux-arm-gnueabihf'
147 silly reify ]
148 verbose reify failed optional dependency /Users/ritvikmudgal/VS-CODE/resume-roast/node_modules/@tailwindcss/oxide-freebsd-x64
149 silly reify mark deleted [
149 silly reify   '/Users/ritvikmudgal/VS-CODE/resume-roast/node_modules/@tailwindcss/oxide-freebsd-x64'
149 silly reify ]
150 verbose reify failed optional dependency /Users/ritvikmudgal/VS-CODE/resume-roast/node_modules/@tailwindcss/oxide-darwin-arm64
151 silly reify mark deleted [
151 silly reify   '/Users/ritvikmudgal/VS-CODE/resume-roast/node_modules/@tailwindcss/oxide-darwin-arm64'
151 silly reify ]
152 verbose reify failed optional dependency /Users/ritvikmudgal/VS-CODE/resume-roast/node_modules/@tailwindcss/oxide-android-arm64
153 silly reify mark deleted [
153 silly reify   '/Users/ritvikmudgal/VS-CODE/resume-roast/node_modules/@tailwindcss/oxide-android-arm64'
153 silly reify ]
154 verbose reify failed optional dependency /Users/ritvikmudgal/VS-CODE/resume-roast/node_modules/@next/swc-win32-x64-msvc
155 silly reify mark deleted [
155 silly reify   '/Users/ritvikmudgal/VS-CODE/resume-roast/node_modules/@next/swc-win32-x64-msvc'
155 silly reify ]
156 verbose reify failed optional dependency /Users/ritvikmudgal/VS-CODE/resume-roast/node_modules/@next/swc-win32-arm64-msvc
157 silly reify mark deleted [
157 silly reify   '/Users/ritvikmudgal/VS-CODE/resume-roast/node_modules/@next/swc-win32-arm64-msvc'
157 silly reify ]
158 verbose reify failed optional dependency /Users/ritvikmudgal/VS-CODE/resume-roast/node_modules/@next/swc-linux-x64-musl
159 silly reify mark deleted [
159 silly reify   '/Users/ritvikmudgal/VS-CODE/resume-roast/node_modules/@next/swc-linux-x64-musl'
159 silly reify ]
160 verbose reify failed optional dependency /Users/ritvikmudgal/VS-CODE/resume-roast/node_modules/@next/swc-linux-x64-gnu
161 silly reify mark deleted [
161 silly reify   '/Users/ritvikmudgal/VS-CODE/resume-roast/node_modules/@next/swc-linux-x64-gnu'
161 silly reify ]
162 verbose reify failed optional dependency /Users/ritvikmudgal/VS-CODE/resume-roast/node_modules/@next/swc-linux-arm64-musl
163 silly reify mark deleted [
163 silly reify   '/Users/ritvikmudgal/VS-CODE/resume-roast/node_modules/@next/swc-linux-arm64-musl'
163 silly reify ]
164 verbose reify failed optional dependency /Users/ritvikmudgal/VS-CODE/resume-roast/node_modules/@next/swc-linux-arm64-gnu
165 silly reify mark deleted [
165 silly reify   '/Users/ritvikmudgal/VS-CODE/resume-roast/node_modules/@next/swc-linux-arm64-gnu'
165 silly reify ]
166 verbose reify failed optional dependency /Users/ritvikmudgal/VS-CODE/resume-roast/node_modules/@next/swc-darwin-arm64
167 silly reify mark deleted [
167 silly reify   '/Users/ritvikmudgal/VS-CODE/resume-roast/node_modules/@next/swc-darwin-arm64'
167 silly reify ]
168 verbose reify failed optional dependency /Users/ritvikmudgal/VS-CODE/resume-roast/node_modules/@img/sharp-win32-x64
169 silly reify mark deleted [
169 silly reify   '/Users/ritvikmudgal/VS-CODE/resume-roast/node_modules/@img/sharp-win32-x64'
169 silly reify ]
170 verbose reify failed optional dependency /Users/ritvikmudgal/VS-CODE/resume-roast/node_modules/@img/sharp-win32-ia32
171 silly reify mark deleted [
171 silly reify   '/Users/ritvikmudgal/VS-CODE/resume-roast/node_modules/@img/sharp-win32-ia32'
171 silly reify ]
172 verbose reify failed optional dependency /Users/ritvikmudgal/VS-CODE/resume-roast/node_modules/@img/sharp-win32-arm64
173 silly reify mark deleted [
173 silly reify   '/Users/ritvikmudgal/VS-CODE/resume-roast/node_modules/@img/sharp-win32-arm64'
173 silly reify ]
174 verbose reify failed optional dependency /Users/ritvikmudgal/VS-CODE/resume-roast/node_modules/@img/sharp-wasm32
175 silly reify mark deleted [
175 silly reify   '/Users/ritvikmudgal/VS-CODE/resume-roast/node_modules/@img/sharp-wasm32'
175 silly reify ]
176 verbose reify failed optional dependency /Users/ritvikmudgal/VS-CODE/resume-roast/node_modules/@img/sharp-linuxmusl-x64
177 silly reify mark deleted [
177 silly reify   '/Users/ritvikmudgal/VS-CODE/resume-roast/node_modules/@img/sharp-linuxmusl-x64'
177 silly reify ]
178 verbose reify failed optional dependency /Users/ritvikmudgal/VS-CODE/resume-roast/node_modules/@img/sharp-linuxmusl-arm64
179 silly reify mark deleted [
179 silly reify   '/Users/ritvikmudgal/VS-CODE/resume-roast/node_modules/@img/sharp-linuxmusl-arm64'
179 silly reify ]
180 verbose reify failed optional dependency /Users/ritvikmudgal/VS-CODE/resume-roast/node_modules/@img/sharp-linux-x64
181 silly reify mark deleted [
181 silly reify   '/Users/ritvikmudgal/VS-CODE/resume-roast/node_modules/@img/sharp-linux-x64'
181 silly reify ]
182 verbose reify failed optional dependency /Users/ritvikmudgal/VS-CODE/resume-roast/node_modules/@img/sharp-linux-s390x
183 silly reify mark deleted [
183 silly reify   '/Users/ritvikmudgal/VS-CODE/resume-roast/node_modules/@img/sharp-linux-s390x'
183 silly reify ]
184 verbose reify failed optional dependency /Users/ritvikmudgal/VS-CODE/resume-roast/node_modules/@img/sharp-linux-riscv64
185 silly reify mark deleted [
185 silly reify   '/Users/ritvikmudgal/VS-CODE/resume-roast/node_modules/@img/sharp-linux-riscv64'
185 silly reify ]
186 verbose reify failed optional dependency /Users/ritvikmudgal/VS-CODE/resume-roast/node_modules/@img/sharp-linux-ppc64
187 silly reify mark deleted [
187 silly reify   '/Users/ritvikmudgal/VS-CODE/resume-roast/node_modules/@img/sharp-linux-ppc64'
187 silly reify ]
188 verbose reify failed optional dependency /Users/ritvikmudgal/VS-CODE/resume-roast/node_modules/@img/sharp-linux-arm64
189 silly reify mark deleted [
189 silly reify   '/Users/ritvikmudgal/VS-CODE/resume-roast/node_modules/@img/sharp-linux-arm64'
189 silly reify ]
190 verbose reify failed optional dependency /Users/ritvikmudgal/VS-CODE/resume-roast/node_modules/@img/sharp-linux-arm
191 silly reify mark deleted [
191 silly reify   '/Users/ritvikmudgal/VS-CODE/resume-roast/node_modules/@img/sharp-linux-arm'
191 silly reify ]
192 verbose reify failed optional dependency /Users/ritvikmudgal/VS-CODE/resume-roast/node_modules/@img/sharp-libvips-linuxmusl-x64
193 silly reify mark deleted [
193 silly reify   '/Users/ritvikmudgal/VS-CODE/resume-roast/node_modules/@img/sharp-libvips-linuxmusl-x64'
193 silly reify ]
194 verbose reify failed optional dependency /Users/ritvikmudgal/VS-CODE/resume-roast/node_modules/@img/sharp-libvips-linuxmusl-arm64
195 silly reify mark deleted [
195 silly reify   '/Users/ritvikmudgal/VS-CODE/resume-roast/node_modules/@img/sharp-libvips-linuxmusl-arm64'
195 silly reify ]
196 verbose reify failed optional dependency /Users/ritvikmudgal/VS-CODE/resume-roast/node_modules/@img/sharp-libvips-linux-x64
197 silly reify mark deleted [
197 silly reify   '/Users/ritvikmudgal/VS-CODE/resume-roast/node_modules/@img/sharp-libvips-linux-x64'
197 silly reify ]
198 verbose reify failed optional dependency /Users/ritvikmudgal/VS-CODE/resume-roast/node_modules/@img/sharp-libvips-linux-s390x
199 silly reify mark deleted [
199 silly reify   '/Users/ritvikmudgal/VS-CODE/resume-roast/node_modules/@img/sharp-libvips-linux-s390x'
199 silly reify ]
200 verbose reify failed optional dependency /Users/ritvikmudgal/VS-CODE/resume-roast/node_modules/@img/sharp-libvips-linux-riscv64
201 silly reify mark deleted [
201 silly reify   '/Users/ritvikmudgal/VS-CODE/resume-roast/node_modules/@img/sharp-libvips-linux-riscv64'
201 silly reify ]
202 verbose reify failed optional dependency /Users/ritvikmudgal/VS-CODE/resume-roast/node_modules/@img/sharp-libvips-linux-ppc64
203 silly reify mark deleted [
203 silly reify   '/Users/ritvikmudgal/VS-CODE/resume-roast/node_modules/@img/sharp-libvips-linux-ppc64'
203 silly reify ]
204 verbose reify failed optional dependency /Users/ritvikmudgal/VS-CODE/resume-roast/node_modules/@img/sharp-libvips-linux-arm64
205 silly reify mark deleted [
205 silly reify   '/Users/ritvikmudgal/VS-CODE/resume-roast/node_modules/@img/sharp-libvips-linux-arm64'
205 silly reify ]
206 verbose reify failed optional dependency /Users/ritvikmudgal/VS-CODE/resume-roast/node_modules/@img/sharp-libvips-linux-arm
207 silly reify mark deleted [
207 silly reify   '/Users/ritvikmudgal/VS-CODE/resume-roast/node_modules/@img/sharp-libvips-linux-arm'
207 silly reify ]
208 verbose reify failed optional dependency /Users/ritvikmudgal/VS-CODE/resume-roast/node_modules/@img/sharp-libvips-darwin-arm64
209 silly reify mark deleted [
209 silly reify   '/Users/ritvikmudgal/VS-CODE/resume-roast/node_modules/@img/sharp-libvips-darwin-arm64'
209 silly reify ]
210 verbose reify failed optional dependency /Users/ritvikmudgal/VS-CODE/resume-roast/node_modules/@img/sharp-darwin-arm64
211 silly reify mark deleted [
211 silly reify   '/Users/ritvikmudgal/VS-CODE/resume-roast/node_modules/@img/sharp-darwin-arm64'
211 silly reify ]
212 http cache postcss-value-parser@https://registry.npmjs.org/postcss-value-parser/-/postcss-value-parser-4.2.0.tgz 0ms (cache hit)
213 http cache css-color-keywords@https://registry.npmjs.org/css-color-keywords/-/css-color-keywords-1.0.0.tgz 0ms (cache hit)
214 http cache camelize@https://registry.npmjs.org/camelize/-/camelize-1.0.1.tgz 0ms (cache hit)
215 http cache @emotion/memoize@https://registry.npmjs.org/@emotion/memoize/-/memoize-0.9.0.tgz 0ms (cache hit)
216 http cache stylis@https://registry.npmjs.org/stylis/-/stylis-4.3.6.tgz 0ms (cache hit)
217 http cache css-to-react-native@https://registry.npmjs.org/css-to-react-native/-/css-to-react-native-3.2.0.tgz 0ms (cache hit)
218 http cache @emotion/is-prop-valid@https://registry.npmjs.org/@emotion/is-prop-valid/-/is-prop-valid-1.4.0.tgz 0ms (cache hit)
219 http cache styled-components@https://registry.npmjs.org/styled-components/-/styled-components-6.4.1.tgz 0ms (cache hit)
220 silly tarball no local data for postcss-value-parser@https://registry.npmjs.org/postcss-value-parser/-/postcss-value-parser-4.2.0.tgz. Extracting by manifest.
221 silly tarball no local data for css-color-keywords@https://registry.npmjs.org/css-color-keywords/-/css-color-keywords-1.0.0.tgz. Extracting by manifest.
222 silly tarball no local data for camelize@https://registry.npmjs.org/camelize/-/camelize-1.0.1.tgz. Extracting by manifest.
223 silly tarball no local data for @emotion/memoize@https://registry.npmjs.org/@emotion/memoize/-/memoize-0.9.0.tgz. Extracting by manifest.
224 silly tarball no local data for stylis@https://registry.npmjs.org/stylis/-/stylis-4.3.6.tgz. Extracting by manifest.
225 silly tarball no local data for css-to-react-native@https://registry.npmjs.org/css-to-react-native/-/css-to-react-native-3.2.0.tgz. Extracting by manifest.
226 silly tarball no local data for @emotion/is-prop-valid@https://registry.npmjs.org/@emotion/is-prop-valid/-/is-prop-valid-1.4.0.tgz. Extracting by manifest.
227 silly tarball no local data for styled-components@https://registry.npmjs.org/styled-components/-/styled-components-6.4.1.tgz. Extracting by manifest.
228 http fetch POST 200 https://registry.npmjs.org/-/npm/v1/security/advisories/bulk 618ms
229 silly audit report {
229 silly audit report   postcss: [
229 silly audit report     {
229 silly audit report       id: 1117015,
229 silly audit report       url: 'https://github.com/advisories/GHSA-qx2v-qp2m-jg93',
229 silly audit report       title: 'PostCSS has XSS via Unescaped </style> in its CSS Stringify Output',
229 silly audit report       severity: 'moderate',
229 silly audit report       vulnerable_versions: '<8.5.10',
229 silly audit report       cwe: [Array],
229 silly audit report       cvss: [Object]
229 silly audit report     }
229 silly audit report   ]
229 silly audit report }
230 silly packumentCache corgi:https://registry.npmjs.org/postcss cache-miss
231 http fetch GET 200 https://registry.npmjs.org/camelize/-/camelize-1.0.1.tgz 630ms (cache miss)
232 http fetch GET 200 https://registry.npmjs.org/postcss-value-parser/-/postcss-value-parser-4.2.0.tgz 642ms (cache miss)
233 http fetch GET 200 https://registry.npmjs.org/css-color-keywords/-/css-color-keywords-1.0.0.tgz 717ms (cache miss)
234 http fetch GET 200 https://registry.npmjs.org/@emotion/is-prop-valid/-/is-prop-valid-1.4.0.tgz 922ms (cache miss)
235 http fetch GET 200 https://registry.npmjs.org/@emotion/memoize/-/memoize-0.9.0.tgz 929ms (cache miss)
236 http fetch GET 200 https://registry.npmjs.org/postcss 421ms (cache revalidated)
237 silly packumentCache corgi:https://registry.npmjs.org/postcss set size:343873 disposed:false
238 silly packumentCache corgi:https://registry.npmjs.org/next cache-miss
239 http fetch GET 200 https://registry.npmjs.org/next 394ms (cache revalidated)
240 silly packumentCache corgi:https://registry.npmjs.org/next set size:24929605 disposed:false
241 http fetch GET 200 https://registry.npmjs.org/stylis/-/stylis-4.3.6.tgz 4609ms (cache miss)
242 http fetch GET 200 https://registry.npmjs.org/css-to-react-native/-/css-to-react-native-3.2.0.tgz 4616ms (cache miss)
243 http fetch GET 200 https://registry.npmjs.org/styled-components/-/styled-components-6.4.1.tgz 5560ms (cache miss)
244 silly ADD node_modules/postcss-value-parser
245 silly ADD node_modules/css-color-keywords
246 silly ADD node_modules/camelize
247 silly ADD node_modules/@emotion/memoize
248 silly ADD node_modules/stylis
249 silly ADD node_modules/css-to-react-native
250 silly ADD node_modules/@emotion/is-prop-valid
251 silly ADD node_modules/styled-components
252 silly ADD
253 silly ADD
254 silly ADD
255 silly ADD
256 silly ADD
257 silly ADD
258 silly ADD
259 silly ADD
260 silly ADD
261 silly ADD
262 silly ADD
263 silly ADD
264 silly ADD
265 silly ADD
266 silly ADD
267 silly ADD
268 silly ADD
269 silly ADD
270 silly ADD
271 silly ADD
272 silly ADD
273 silly ADD
274 silly ADD
275 silly ADD
276 silly ADD
277 silly ADD
278 silly ADD
279 silly ADD
280 silly ADD
281 silly ADD
282 silly ADD
283 silly ADD
284 silly ADD
285 silly ADD
286 silly ADD
287 silly ADD
288 silly ADD
289 silly ADD
290 silly ADD
291 silly ADD
292 silly ADD
293 silly ADD
294 silly ADD
295 silly ADD
296 silly ADD
297 silly ADD
298 silly ADD
299 silly ADD
300 silly ADD
301 silly ADD
302 silly ADD
303 silly ADD
304 silly ADD
305 silly ADD
306 silly ADD
307 silly ADD
308 silly ADD
309 silly ADD
310 silly ADD
311 silly ADD
312 silly ADD
313 silly ADD
314 silly ADD
315 silly ADD
316 silly ADD
317 silly ADD
318 silly ADD
319 silly ADD
320 verbose cwd /Users/ritvikmudgal/VS-CODE/resume-roast
321 verbose os Darwin 21.6.0
322 verbose node v22.20.0
323 verbose npm  v10.9.3
324 verbose exit 0
325 info ok
